[debug] [2022-04-21T16:15:47.876Z] ----------------------------------------------------------------------
[debug] [2022-04-21T16:15:47.878Z] Command:       C:\Program Files\nodejs\node.exe C:\Users\mawra\AppData\Roaming\npm\node_modules\firebase-tools\lib\bin\firebase.js init
[debug] [2022-04-21T16:15:47.879Z] CLI Version:   10.6.0
[debug] [2022-04-21T16:15:47.879Z] Platform:      win32
[debug] [2022-04-21T16:15:47.879Z] Node Version:  v16.0.0
[debug] [2022-04-21T16:15:47.880Z] Time:          Thu Apr 21 2022 21:45:47 GMT+0530 (India Standard Time)
[debug] [2022-04-21T16:15:47.880Z] ----------------------------------------------------------------------
[debug] 
[debug] [2022-04-21T16:15:47.884Z] >>> [apiv2][query] GET https://firebase-public.firebaseio.com/cli.json [none]
[debug] [2022-04-21T16:15:47.982Z] > command requires scopes: ["email","openid","https://www.googleapis.com/auth/cloudplatformprojects.readonly","https://www.googleapis.com/auth/firebase","https://www.googleapis.com/auth/cloud-platform"]
[debug] [2022-04-21T16:15:47.982Z] > authorizing via signed-in user (mawrahk@eng.rizvi.edu.in)
[info] 
     ######## #### ########  ######## ########     ###     ######  ########
     ##        ##  ##     ## ##       ##     ##  ##   ##  ##       ##
     ######    ##  ########  ######   ########  #########  ######  ######
     ##        ##  ##    ##  ##       ##     ## ##     ##       ## ##
     ##       #### ##     ## ######## ########  ##     ##  ######  ########

You're about to initialize a Firebase project in this directory:

  C:\Users\mawra\Desktop\Mawrah\Projects\Gamerverse\GamerVerse

Before we get started, keep in mind:

  * You are initializing within an existing Firebase project directory

[debug] [2022-04-21T16:15:48.938Z] <<< [apiv2][status] GET https://firebase-public.firebaseio.com/cli.json 200
[debug] [2022-04-21T16:15:48.939Z] <<< [apiv2][body] GET https://firebase-public.firebaseio.com/cli.json {"cloudBuildErrorAfter":1594252800000,"cloudBuildWarnAfter":1590019200000,"defaultNode10After":1594252800000,"minVersion":"3.0.5","node8DeploysDisabledAfter":1613390400000,"node8RuntimeDisabledAfter":1615809600000,"node8WarnAfter":1600128000000}
